生成启动时间为 2014/1/6 23:11:51。
     1>项目“E:\我的文档\Visual Studio 2010\Projects\HGEGame\HGEGame\HGEGame.vcxproj”在节点 2 上(build 个目标)。
     1>InitializeBuildStatus:
         正在对“Debug\HGEGame.unsuccessfulbuild”执行 Touch 任务。
       ClCompile:
         D:\developTool\Microsoft Visual Studio 10.0\VC\bin\CL.exe /c /ID:\developTool\GameEngine\Box2D_v2.2.1_VS2008\Box2D\Box2D\Box2D /ZI /nologo /W3 /WX- /Od /Oy- /D WIN32 /D _DEBUG /D _WINDOWS /D _UNICODE /D UNICODE /Gm /EHsc /RTC1 /MDd /GS /fp:precise /Zc:wchar_t /Zc:forScope /Fo"Debug\\" /Fd"Debug\vc100.pdb" /Gd /TP /analyze- /errorReport:prompt HGEFramework\DebugDraw.cpp HGEFramework\Game.cpp HGEFramework\ParticleManager.cpp HGEFramework\ResourceManager.cpp HGEFramework\Screen.cpp HGEFramework\SpriteManager.cpp MonsterFactory\AllMonster\Melissa.cpp MonsterFactory\Monster.cpp MonsterFactory\MonsterFactory.cpp MyGame.cpp Player\Player.cpp Screen\MenuScreen.cpp Screen\Mission.cpp main.cpp
         main.cpp
     1>e:\我的文档\visual studio 2010\projects\hgegame\hgegame\hgeframework\box2d\box2d.h(34): fatal error C1083: 无法打开包括文件:“Box2D/Common/b2Settings.h”: No such file or directory
         Mission.cpp
     1>e:\我的文档\visual studio 2010\projects\hgegame\hgegame\hgeframework\box2d\box2d.h(34): fatal error C1083: 无法打开包括文件:“Box2D/Common/b2Settings.h”: No such file or directory
         MenuScreen.cpp
     1>e:\我的文档\visual studio 2010\projects\hgegame\hgegame\hgeframework\box2d\box2d.h(34): fatal error C1083: 无法打开包括文件:“Box2D/Common/b2Settings.h”: No such file or directory
         Player.cpp
     1>e:\我的文档\visual studio 2010\projects\hgegame\hgegame\hgeframework\box2d\box2d.h(34): fatal error C1083: 无法打开包括文件:“Box2D/Common/b2Settings.h”: No such file or directory
         MyGame.cpp
     1>e:\我的文档\visual studio 2010\projects\hgegame\hgegame\hgeframework\box2d\box2d.h(34): fatal error C1083: 无法打开包括文件:“Box2D/Common/b2Settings.h”: No such file or directory
         MonsterFactory.cpp
     1>e:\我的文档\visual studio 2010\projects\hgegame\hgegame\hgeframework\box2d\box2d.h(34): fatal error C1083: 无法打开包括文件:“Box2D/Common/b2Settings.h”: No such file or directory
         Monster.cpp
     1>e:\我的文档\visual studio 2010\projects\hgegame\hgegame\hgeframework\box2d\box2d.h(34): fatal error C1083: 无法打开包括文件:“Box2D/Common/b2Settings.h”: No such file or directory
         Melissa.cpp
     1>e:\我的文档\visual studio 2010\projects\hgegame\hgegame\hgeframework\box2d\box2d.h(34): fatal error C1083: 无法打开包括文件:“Box2D/Common/b2Settings.h”: No such file or directory
         SpriteManager.cpp
     1>e:\我的文档\visual studio 2010\projects\hgegame\hgegame\hgeframework\box2d\box2d.h(34): fatal error C1083: 无法打开包括文件:“Box2D/Common/b2Settings.h”: No such file or directory
         Screen.cpp
     1>e:\我的文档\visual studio 2010\projects\hgegame\hgegame\hgeframework\box2d\box2d.h(34): fatal error C1083: 无法打开包括文件:“Box2D/Common/b2Settings.h”: No such file or directory
         ResourceManager.cpp
     1>e:\我的文档\visual studio 2010\projects\hgegame\hgegame\hgeframework\box2d\box2d.h(34): fatal error C1083: 无法打开包括文件:“Box2D/Common/b2Settings.h”: No such file or directory
         ParticleManager.cpp
     1>e:\我的文档\visual studio 2010\projects\hgegame\hgegame\hgeframework\box2d\box2d.h(34): fatal error C1083: 无法打开包括文件:“Box2D/Common/b2Settings.h”: No such file or directory
         Game.cpp
     1>e:\我的文档\visual studio 2010\projects\hgegame\hgegame\hgeframework\box2d\box2d.h(34): fatal error C1083: 无法打开包括文件:“Box2D/Common/b2Settings.h”: No such file or directory
         DebugDraw.cpp
     1>e:\我的文档\visual studio 2010\projects\hgegame\hgegame\hgeframework\debugdraw.h(2): fatal error C1083: 无法打开包括文件:“Box2D/Box2D.h”: No such file or directory
         正在生成代码...
     1>已完成生成项目“E:\我的文档\Visual Studio 2010\Projects\HGEGame\HGEGame\HGEGame.vcxproj”(build 个目标)的操作 - 失败。

生成失败。

已用时间 00:00:14.05
