E:\我的文档\VISUAL STUDIO 2010\PROJECTS\HGEGAME\DEBUG\HGEGAME.EXE
E:\我的文档\VISUAL STUDIO 2010\PROJECTS\HGEGAME\DEBUG\HGEGAME.ILK
E:\我的文档\VISUAL STUDIO 2010\PROJECTS\HGEGAME\DEBUG\HGEGAME.PDB
E:\我的文档\VISUAL STUDIO 2010\PROJECTS\HGEGAME\HGEGAME\DEBUG\ANIMSPRITE.OBJ
e:\我的文档\visual studio 2010\Projects\HGEGame\HGEGame\Debug\cl.command.1.tlog
e:\我的文档\visual studio 2010\Projects\HGEGame\HGEGame\Debug\CL.read.1.tlog
e:\我的文档\visual studio 2010\Projects\HGEGame\HGEGame\Debug\CL.write.1.tlog
E:\我的文档\VISUAL STUDIO 2010\PROJECTS\HGEGAME\HGEGAME\DEBUG\DEBUGDRAW.OBJ
E:\我的文档\VISUAL STUDIO 2010\PROJECTS\HGEGAME\HGEGAME\DEBUG\GAME.OBJ
E:\我的文档\VISUAL STUDIO 2010\PROJECTS\HGEGAME\HGEGAME\DEBUG\HGEGAME.EXE.EMBED.MANIFEST
E:\我的文档\VISUAL STUDIO 2010\PROJECTS\HGEGAME\HGEGAME\DEBUG\HGEGAME.EXE.EMBED.MANIFEST.RES
E:\我的文档\VISUAL STUDIO 2010\PROJECTS\HGEGAME\HGEGAME\DEBUG\HGEGAME.EXE.INTERMEDIATE.MANIFEST
e:\我的文档\visual studio 2010\Projects\HGEGame\HGEGame\Debug\HGEGame_manifest.rc
e:\我的文档\visual studio 2010\Projects\HGEGame\HGEGame\Debug\link.1340.read.1.tlog
e:\我的文档\visual studio 2010\Projects\HGEGame\HGEGame\Debug\link.1340.write.1.tlog
e:\我的文档\visual studio 2010\Projects\HGEGame\HGEGame\Debug\link.1340-cvtres.read.1.tlog
e:\我的文档\visual studio 2010\Projects\HGEGame\HGEGame\Debug\link.1340-cvtres.write.1.tlog
e:\我的文档\visual studio 2010\Projects\HGEGame\HGEGame\Debug\link.13496.read.1.tlog
e:\我的文档\visual studio 2010\Projects\HGEGame\HGEGame\Debug\link.13496.write.1.tlog
e:\我的文档\visual studio 2010\Projects\HGEGame\HGEGame\Debug\link.13496-cvtres.read.1.tlog
e:\我的文档\visual studio 2010\Projects\HGEGame\HGEGame\Debug\link.13496-cvtres.write.1.tlog
e:\我的文档\visual studio 2010\Projects\HGEGame\HGEGame\Debug\link.1380.read.1.tlog
e:\我的文档\visual studio 2010\Projects\HGEGame\HGEGame\Debug\link.1380.write.1.tlog
e:\我的文档\visual studio 2010\Projects\HGEGame\HGEGame\Debug\link.1380-cvtres.read.1.tlog
e:\我的文档\visual studio 2010\Projects\HGEGame\HGEGame\Debug\link.1380-cvtres.write.1.tlog
e:\我的文档\visual studio 2010\Projects\HGEGame\HGEGame\Debug\link.1556.read.1.tlog
e:\我的文档\visual studio 2010\Projects\HGEGame\HGEGame\Debug\link.1556.write.1.tlog
e:\我的文档\visual studio 2010\Projects\HGEGame\HGEGame\Debug\link.1556-cvtres.read.1.tlog
e:\我的文档\visual studio 2010\Projects\HGEGame\HGEGame\Debug\link.1556-cvtres.write.1.tlog
e:\我的文档\visual studio 2010\Projects\HGEGame\HGEGame\Debug\link.1684.read.1.tlog
e:\我的文档\visual studio 2010\Projects\HGEGame\HGEGame\Debug\link.1684.write.1.tlog
e:\我的文档\visual studio 2010\Projects\HGEGame\HGEGame\Debug\link.1684-cvtres.read.1.tlog
e:\我的文档\visual studio 2010\Projects\HGEGame\HGEGame\Debug\link.1684-cvtres.write.1.tlog
e:\我的文档\visual studio 2010\Projects\HGEGame\HGEGame\Debug\link.1980.read.1.tlog
e:\我的文档\visual studio 2010\Projects\HGEGame\HGEGame\Debug\link.1980.write.1.tlog
e:\我的文档\visual studio 2010\Projects\HGEGame\HGEGame\Debug\link.1980-cvtres.read.1.tlog
e:\我的文档\visual studio 2010\Projects\HGEGame\HGEGame\Debug\link.1980-cvtres.write.1.tlog
e:\我的文档\visual studio 2010\Projects\HGEGame\HGEGame\Debug\link.2160.read.1.tlog
e:\我的文档\visual studio 2010\Projects\HGEGame\HGEGame\Debug\link.2160.write.1.tlog
e:\我的文档\visual studio 2010\Projects\HGEGame\HGEGame\Debug\link.2160-cvtres.read.1.tlog
e:\我的文档\visual studio 2010\Projects\HGEGame\HGEGame\Debug\link.2160-cvtres.write.1.tlog
e:\我的文档\visual studio 2010\Projects\HGEGame\HGEGame\Debug\link.2424.read.1.tlog
e:\我的文档\visual studio 2010\Projects\HGEGame\HGEGame\Debug\link.2424.write.1.tlog
e:\我的文档\visual studio 2010\Projects\HGEGame\HGEGame\Debug\link.2424-cvtres.read.1.tlog
e:\我的文档\visual studio 2010\Projects\HGEGame\HGEGame\Debug\link.2424-cvtres.write.1.tlog
e:\我的文档\visual studio 2010\Projects\HGEGame\HGEGame\Debug\link.2428.read.1.tlog
e:\我的文档\visual studio 2010\Projects\HGEGame\HGEGame\Debug\link.2428.write.1.tlog
e:\我的文档\visual studio 2010\Projects\HGEGame\HGEGame\Debug\link.2428-cvtres.read.1.tlog
e:\我的文档\visual studio 2010\Projects\HGEGame\HGEGame\Debug\link.2428-cvtres.write.1.tlog
e:\我的文档\visual studio 2010\Projects\HGEGame\HGEGame\Debug\link.2464.read.1.tlog
e:\我的文档\visual studio 2010\Projects\HGEGame\HGEGame\Debug\link.2464.write.1.tlog
e:\我的文档\visual studio 2010\Projects\HGEGame\HGEGame\Debug\link.2464-cvtres.read.1.tlog
e:\我的文档\visual studio 2010\Projects\HGEGame\HGEGame\Debug\link.2464-cvtres.write.1.tlog
e:\我的文档\visual studio 2010\Projects\HGEGame\HGEGame\Debug\link.3000.read.1.tlog
e:\我的文档\visual studio 2010\Projects\HGEGame\HGEGame\Debug\link.3000.write.1.tlog
e:\我的文档\visual studio 2010\Projects\HGEGame\HGEGame\Debug\link.3000-cvtres.read.1.tlog
e:\我的文档\visual studio 2010\Projects\HGEGame\HGEGame\Debug\link.3000-cvtres.write.1.tlog
e:\我的文档\visual studio 2010\Projects\HGEGame\HGEGame\Debug\link.3972.read.1.tlog
e:\我的文档\visual studio 2010\Projects\HGEGame\HGEGame\Debug\link.3972.write.1.tlog
e:\我的文档\visual studio 2010\Projects\HGEGame\HGEGame\Debug\link.3972-cvtres.read.1.tlog
e:\我的文档\visual studio 2010\Projects\HGEGame\HGEGame\Debug\link.3972-cvtres.write.1.tlog
e:\我的文档\visual studio 2010\Projects\HGEGame\HGEGame\Debug\link.4164.read.1.tlog
e:\我的文档\visual studio 2010\Projects\HGEGame\HGEGame\Debug\link.4164.write.1.tlog
e:\我的文档\visual studio 2010\Projects\HGEGame\HGEGame\Debug\link.4164-cvtres.read.1.tlog
e:\我的文档\visual studio 2010\Projects\HGEGame\HGEGame\Debug\link.4164-cvtres.write.1.tlog
e:\我的文档\visual studio 2010\Projects\HGEGame\HGEGame\Debug\link.4452.read.1.tlog
e:\我的文档\visual studio 2010\Projects\HGEGame\HGEGame\Debug\link.4452.read.2.tlog
e:\我的文档\visual studio 2010\Projects\HGEGame\HGEGame\Debug\link.4452.write.1.tlog
e:\我的文档\visual studio 2010\Projects\HGEGame\HGEGame\Debug\link.4452-cvtres.read.1.tlog
e:\我的文档\visual studio 2010\Projects\HGEGame\HGEGame\Debug\link.4452-cvtres.write.1.tlog
e:\我的文档\visual studio 2010\Projects\HGEGame\HGEGame\Debug\link.448.read.1.tlog
e:\我的文档\visual studio 2010\Projects\HGEGame\HGEGame\Debug\link.448.write.1.tlog
e:\我的文档\visual studio 2010\Projects\HGEGame\HGEGame\Debug\link.448-cvtres.read.1.tlog
e:\我的文档\visual studio 2010\Projects\HGEGame\HGEGame\Debug\link.448-cvtres.write.1.tlog
e:\我的文档\visual studio 2010\Projects\HGEGame\HGEGame\Debug\link.4936.read.1.tlog
e:\我的文档\visual studio 2010\Projects\HGEGame\HGEGame\Debug\link.4936.write.1.tlog
e:\我的文档\visual studio 2010\Projects\HGEGame\HGEGame\Debug\link.4936-cvtres.read.1.tlog
e:\我的文档\visual studio 2010\Projects\HGEGame\HGEGame\Debug\link.4936-cvtres.write.1.tlog
e:\我的文档\visual studio 2010\Projects\HGEGame\HGEGame\Debug\link.5072.read.1.tlog
e:\我的文档\visual studio 2010\Projects\HGEGame\HGEGame\Debug\link.5072.write.1.tlog
e:\我的文档\visual studio 2010\Projects\HGEGame\HGEGame\Debug\link.5072-cvtres.read.1.tlog
e:\我的文档\visual studio 2010\Projects\HGEGame\HGEGame\Debug\link.5072-cvtres.write.1.tlog
e:\我的文档\visual studio 2010\Projects\HGEGame\HGEGame\Debug\link.5256.read.1.tlog
e:\我的文档\visual studio 2010\Projects\HGEGame\HGEGame\Debug\link.5256.read.2.tlog
e:\我的文档\visual studio 2010\Projects\HGEGame\HGEGame\Debug\link.5256.write.1.tlog
e:\我的文档\visual studio 2010\Projects\HGEGame\HGEGame\Debug\link.5256-cvtres.read.1.tlog
e:\我的文档\visual studio 2010\Projects\HGEGame\HGEGame\Debug\link.5256-cvtres.write.1.tlog
e:\我的文档\visual studio 2010\Projects\HGEGame\HGEGame\Debug\link.5456.read.1.tlog
e:\我的文档\visual studio 2010\Projects\HGEGame\HGEGame\Debug\link.5456.write.1.tlog
e:\我的文档\visual studio 2010\Projects\HGEGame\HGEGame\Debug\link.5456-cvtres.read.1.tlog
e:\我的文档\visual studio 2010\Projects\HGEGame\HGEGame\Debug\link.5456-cvtres.write.1.tlog
e:\我的文档\visual studio 2010\Projects\HGEGame\HGEGame\Debug\link.5964.read.1.tlog
e:\我的文档\visual studio 2010\Projects\HGEGame\HGEGame\Debug\link.5964.write.1.tlog
e:\我的文档\visual studio 2010\Projects\HGEGame\HGEGame\Debug\link.5964-cvtres.read.1.tlog
e:\我的文档\visual studio 2010\Projects\HGEGame\HGEGame\Debug\link.5964-cvtres.write.1.tlog
e:\我的文档\visual studio 2010\Projects\HGEGame\HGEGame\Debug\link.6048.read.1.tlog
e:\我的文档\visual studio 2010\Projects\HGEGame\HGEGame\Debug\link.6048.write.1.tlog
e:\我的文档\visual studio 2010\Projects\HGEGame\HGEGame\Debug\link.6048-cvtres.read.1.tlog
e:\我的文档\visual studio 2010\Projects\HGEGame\HGEGame\Debug\link.6048-cvtres.write.1.tlog
e:\我的文档\visual studio 2010\Projects\HGEGame\HGEGame\Debug\link.6244.read.1.tlog
e:\我的文档\visual studio 2010\Projects\HGEGame\HGEGame\Debug\link.6244.write.1.tlog
e:\我的文档\visual studio 2010\Projects\HGEGame\HGEGame\Debug\link.6244-cvtres.read.1.tlog
e:\我的文档\visual studio 2010\Projects\HGEGame\HGEGame\Debug\link.6244-cvtres.write.1.tlog
e:\我的文档\visual studio 2010\Projects\HGEGame\HGEGame\Debug\link.6248.read.1.tlog
e:\我的文档\visual studio 2010\Projects\HGEGame\HGEGame\Debug\link.6248.write.1.tlog
e:\我的文档\visual studio 2010\Projects\HGEGame\HGEGame\Debug\link.6248-cvtres.read.1.tlog
e:\我的文档\visual studio 2010\Projects\HGEGame\HGEGame\Debug\link.6248-cvtres.write.1.tlog
e:\我的文档\visual studio 2010\Projects\HGEGame\HGEGame\Debug\link.6412.read.1.tlog
e:\我的文档\visual studio 2010\Projects\HGEGame\HGEGame\Debug\link.6412.write.1.tlog
e:\我的文档\visual studio 2010\Projects\HGEGame\HGEGame\Debug\link.6412-cvtres.read.1.tlog
e:\我的文档\visual studio 2010\Projects\HGEGame\HGEGame\Debug\link.6412-cvtres.write.1.tlog
e:\我的文档\visual studio 2010\Projects\HGEGame\HGEGame\Debug\link.6512.read.1.tlog
e:\我的文档\visual studio 2010\Projects\HGEGame\HGEGame\Debug\link.6512.write.1.tlog
e:\我的文档\visual studio 2010\Projects\HGEGame\HGEGame\Debug\link.6512-cvtres.read.1.tlog
e:\我的文档\visual studio 2010\Projects\HGEGame\HGEGame\Debug\link.6512-cvtres.write.1.tlog
e:\我的文档\visual studio 2010\Projects\HGEGame\HGEGame\Debug\link.6644.read.1.tlog
e:\我的文档\visual studio 2010\Projects\HGEGame\HGEGame\Debug\link.6644.write.1.tlog
e:\我的文档\visual studio 2010\Projects\HGEGame\HGEGame\Debug\link.6644-cvtres.read.1.tlog
e:\我的文档\visual studio 2010\Projects\HGEGame\HGEGame\Debug\link.6644-cvtres.write.1.tlog
e:\我的文档\visual studio 2010\Projects\HGEGame\HGEGame\Debug\link.7004.read.1.tlog
e:\我的文档\visual studio 2010\Projects\HGEGame\HGEGame\Debug\link.7004.write.1.tlog
e:\我的文档\visual studio 2010\Projects\HGEGame\HGEGame\Debug\link.7004-cvtres.read.1.tlog
e:\我的文档\visual studio 2010\Projects\HGEGame\HGEGame\Debug\link.7004-cvtres.write.1.tlog
e:\我的文档\visual studio 2010\Projects\HGEGame\HGEGame\Debug\link.7540.read.1.tlog
e:\我的文档\visual studio 2010\Projects\HGEGame\HGEGame\Debug\link.7540.write.1.tlog
e:\我的文档\visual studio 2010\Projects\HGEGame\HGEGame\Debug\link.7540-cvtres.read.1.tlog
e:\我的文档\visual studio 2010\Projects\HGEGame\HGEGame\Debug\link.7540-cvtres.write.1.tlog
e:\我的文档\visual studio 2010\Projects\HGEGame\HGEGame\Debug\link.7760.read.1.tlog
e:\我的文档\visual studio 2010\Projects\HGEGame\HGEGame\Debug\link.7760.write.1.tlog
e:\我的文档\visual studio 2010\Projects\HGEGame\HGEGame\Debug\link.7760-cvtres.read.1.tlog
e:\我的文档\visual studio 2010\Projects\HGEGame\HGEGame\Debug\link.7760-cvtres.write.1.tlog
e:\我的文档\visual studio 2010\Projects\HGEGame\HGEGame\Debug\link.8104.read.1.tlog
e:\我的文档\visual studio 2010\Projects\HGEGame\HGEGame\Debug\link.8104.write.1.tlog
e:\我的文档\visual studio 2010\Projects\HGEGame\HGEGame\Debug\link.8104-cvtres.read.1.tlog
e:\我的文档\visual studio 2010\Projects\HGEGame\HGEGame\Debug\link.8104-cvtres.write.1.tlog
e:\我的文档\visual studio 2010\Projects\HGEGame\HGEGame\Debug\link.8152.read.1.tlog
e:\我的文档\visual studio 2010\Projects\HGEGame\HGEGame\Debug\link.8152.write.1.tlog
e:\我的文档\visual studio 2010\Projects\HGEGame\HGEGame\Debug\link.8152-cvtres.read.1.tlog
e:\我的文档\visual studio 2010\Projects\HGEGame\HGEGame\Debug\link.8152-cvtres.write.1.tlog
e:\我的文档\visual studio 2010\Projects\HGEGame\HGEGame\Debug\link.8224.read.1.tlog
e:\我的文档\visual studio 2010\Projects\HGEGame\HGEGame\Debug\link.8224.write.1.tlog
e:\我的文档\visual studio 2010\Projects\HGEGame\HGEGame\Debug\link.8224-cvtres.read.1.tlog
e:\我的文档\visual studio 2010\Projects\HGEGame\HGEGame\Debug\link.8224-cvtres.write.1.tlog
e:\我的文档\visual studio 2010\Projects\HGEGame\HGEGame\Debug\link.8428.read.1.tlog
e:\我的文档\visual studio 2010\Projects\HGEGame\HGEGame\Debug\link.8428.write.1.tlog
e:\我的文档\visual studio 2010\Projects\HGEGame\HGEGame\Debug\link.8428-cvtres.read.1.tlog
e:\我的文档\visual studio 2010\Projects\HGEGame\HGEGame\Debug\link.8428-cvtres.write.1.tlog
e:\我的文档\visual studio 2010\Projects\HGEGame\HGEGame\Debug\link.8580.read.1.tlog
e:\我的文档\visual studio 2010\Projects\HGEGame\HGEGame\Debug\link.8580.write.1.tlog
e:\我的文档\visual studio 2010\Projects\HGEGame\HGEGame\Debug\link.8580-cvtres.read.1.tlog
e:\我的文档\visual studio 2010\Projects\HGEGame\HGEGame\Debug\link.8580-cvtres.write.1.tlog
e:\我的文档\visual studio 2010\Projects\HGEGame\HGEGame\Debug\link.8672.read.1.tlog
e:\我的文档\visual studio 2010\Projects\HGEGame\HGEGame\Debug\link.8672.write.1.tlog
e:\我的文档\visual studio 2010\Projects\HGEGame\HGEGame\Debug\link.8672-cvtres.read.1.tlog
e:\我的文档\visual studio 2010\Projects\HGEGame\HGEGame\Debug\link.8672-cvtres.write.1.tlog
e:\我的文档\visual studio 2010\Projects\HGEGame\HGEGame\Debug\link.8760.read.1.tlog
e:\我的文档\visual studio 2010\Projects\HGEGame\HGEGame\Debug\link.8760.read.2.tlog
e:\我的文档\visual studio 2010\Projects\HGEGame\HGEGame\Debug\link.8760.write.1.tlog
e:\我的文档\visual studio 2010\Projects\HGEGame\HGEGame\Debug\link.8760-cvtres.read.1.tlog
e:\我的文档\visual studio 2010\Projects\HGEGame\HGEGame\Debug\link.8760-cvtres.write.1.tlog
e:\我的文档\visual studio 2010\Projects\HGEGame\HGEGame\Debug\link.8856.read.1.tlog
e:\我的文档\visual studio 2010\Projects\HGEGame\HGEGame\Debug\link.8856.write.1.tlog
e:\我的文档\visual studio 2010\Projects\HGEGame\HGEGame\Debug\link.8856-cvtres.read.1.tlog
e:\我的文档\visual studio 2010\Projects\HGEGame\HGEGame\Debug\link.8856-cvtres.write.1.tlog
e:\我的文档\visual studio 2010\Projects\HGEGame\HGEGame\Debug\link.9020.read.1.tlog
e:\我的文档\visual studio 2010\Projects\HGEGame\HGEGame\Debug\link.9020.read.2.tlog
e:\我的文档\visual studio 2010\Projects\HGEGame\HGEGame\Debug\link.9020.write.1.tlog
e:\我的文档\visual studio 2010\Projects\HGEGame\HGEGame\Debug\link.9020-cvtres.read.1.tlog
e:\我的文档\visual studio 2010\Projects\HGEGame\HGEGame\Debug\link.9020-cvtres.write.1.tlog
e:\我的文档\visual studio 2010\Projects\HGEGame\HGEGame\Debug\link.command.1.tlog
e:\我的文档\visual studio 2010\Projects\HGEGame\HGEGame\Debug\link.read.1.tlog
e:\我的文档\visual studio 2010\Projects\HGEGame\HGEGame\Debug\link.read.2.tlog
e:\我的文档\visual studio 2010\Projects\HGEGame\HGEGame\Debug\link.write.1.tlog
e:\我的文档\visual studio 2010\Projects\HGEGame\HGEGame\Debug\link-cvtres.read.1.tlog
e:\我的文档\visual studio 2010\Projects\HGEGame\HGEGame\Debug\link-cvtres.write.1.tlog
E:\我的文档\VISUAL STUDIO 2010\PROJECTS\HGEGAME\HGEGAME\DEBUG\MAIN.OBJ
E:\我的文档\VISUAL STUDIO 2010\PROJECTS\HGEGAME\HGEGAME\DEBUG\MENUSCREEN.OBJ
E:\我的文档\VISUAL STUDIO 2010\PROJECTS\HGEGAME\HGEGAME\DEBUG\MISSION.OBJ
e:\我的文档\visual studio 2010\Projects\HGEGame\HGEGame\Debug\mt.command.1.tlog
e:\我的文档\visual studio 2010\Projects\HGEGame\HGEGame\Debug\mt.read.1.tlog
e:\我的文档\visual studio 2010\Projects\HGEGame\HGEGame\Debug\mt.write.1.tlog
E:\我的文档\VISUAL STUDIO 2010\PROJECTS\HGEGAME\HGEGAME\DEBUG\MYGAME.OBJ
E:\我的文档\VISUAL STUDIO 2010\PROJECTS\HGEGAME\HGEGAME\DEBUG\PARTICLEMANAGER.OBJ
E:\我的文档\VISUAL STUDIO 2010\PROJECTS\HGEGAME\HGEGAME\DEBUG\PARTICLESYSTEM.OBJ
E:\我的文档\VISUAL STUDIO 2010\PROJECTS\HGEGAME\HGEGAME\DEBUG\PLAYER.OBJ
e:\我的文档\visual studio 2010\Projects\HGEGame\HGEGame\Debug\rc.command.1.tlog
e:\我的文档\visual studio 2010\Projects\HGEGame\HGEGame\Debug\rc.read.1.tlog
e:\我的文档\visual studio 2010\Projects\HGEGame\HGEGame\Debug\rc.write.1.tlog
E:\我的文档\VISUAL STUDIO 2010\PROJECTS\HGEGAME\HGEGAME\DEBUG\RESOURCE.OBJ
E:\我的文档\VISUAL STUDIO 2010\PROJECTS\HGEGAME\HGEGAME\DEBUG\RESOURCEMANAGER.OBJ
E:\我的文档\VISUAL STUDIO 2010\PROJECTS\HGEGAME\HGEGAME\DEBUG\SCREEN.OBJ
E:\我的文档\VISUAL STUDIO 2010\PROJECTS\HGEGAME\HGEGAME\DEBUG\SPRITE.OBJ
E:\我的文档\VISUAL STUDIO 2010\PROJECTS\HGEGAME\HGEGAME\DEBUG\SPRITEMANAGER.OBJ
e:\我的文档\visual studio 2010\Projects\HGEGame\HGEGame\Debug\vc100.idb
E:\我的文档\VISUAL STUDIO 2010\PROJECTS\HGEGAME\HGEGAME\DEBUG\VC100.PDB
