D:\MyCodes\ChaosFighter\trunk\ChaosFighter\Debug\Box2D.exp
D:\MYCODES\CHAOSFIGHTER\TRUNK\CHAOSFIGHTER\DEBUG\BOX2D.ILK
D:\MyCodes\ChaosFighter\trunk\ChaosFighter\Debug\Box2D.lib
D:\MYCODES\CHAOSFIGHTER\TRUNK\CHAOSFIGHTER\DEBUG\BOX2D.LIB.MANIFEST
D:\MYCODES\CHAOSFIGHTER\TRUNK\CHAOSFIGHTER\DEBUG\BOX2D.PDB
D:\MYCODES\CHAOSFIGHTER\TRUNK\CHAOSFIGHTER\HGEGAME\ANIMSPRITE.ASM
D:\MYCODES\CHAOSFIGHTER\TRUNK\CHAOSFIGHTER\HGEGAME\DEBUGDRAW.ASM
D:\MYCODES\CHAOSFIGHTER\TRUNK\CHAOSFIGHTER\HGEGAME\GAME.ASM
D:\MYCODES\CHAOSFIGHTER\TRUNK\CHAOSFIGHTER\HGEGAME\MAIN.ASM
D:\MYCODES\CHAOSFIGHTER\TRUNK\CHAOSFIGHTER\HGEGAME\MELISSA.ASM
D:\MYCODES\CHAOSFIGHTER\TRUNK\CHAOSFIGHTER\HGEGAME\MENUSCREEN.ASM
D:\MYCODES\CHAOSFIGHTER\TRUNK\CHAOSFIGHTER\HGEGAME\MISSION.ASM
D:\MYCODES\CHAOSFIGHTER\TRUNK\CHAOSFIGHTER\HGEGAME\MONSTER.ASM
D:\MYCODES\CHAOSFIGHTER\TRUNK\CHAOSFIGHTER\HGEGAME\MONSTERFACTORY.ASM
D:\MYCODES\CHAOSFIGHTER\TRUNK\CHAOSFIGHTER\HGEGAME\MYGAME.ASM
D:\MYCODES\CHAOSFIGHTER\TRUNK\CHAOSFIGHTER\HGEGAME\OBJ\X32\DEBUG\BOX2D\ANIMSPRITE.OBJ
D:\MYCODES\CHAOSFIGHTER\TRUNK\CHAOSFIGHTER\HGEGAME\OBJ\X32\DEBUG\BOX2D\BOX2D.LIB.INTERMEDIATE.MANIFEST
D:\MYCODES\CHAOSFIGHTER\TRUNK\CHAOSFIGHTER\HGEGAME\OBJ\X32\DEBUG\BOX2D\DEBUGDRAW.OBJ
D:\MYCODES\CHAOSFIGHTER\TRUNK\CHAOSFIGHTER\HGEGAME\OBJ\X32\DEBUG\BOX2D\GAME.OBJ
D:\MYCODES\CHAOSFIGHTER\TRUNK\CHAOSFIGHTER\HGEGAME\OBJ\X32\DEBUG\BOX2D\MAIN.OBJ
D:\MYCODES\CHAOSFIGHTER\TRUNK\CHAOSFIGHTER\HGEGAME\OBJ\X32\DEBUG\BOX2D\MELISSA.OBJ
D:\MYCODES\CHAOSFIGHTER\TRUNK\CHAOSFIGHTER\HGEGAME\OBJ\X32\DEBUG\BOX2D\MENUSCREEN.OBJ
D:\MYCODES\CHAOSFIGHTER\TRUNK\CHAOSFIGHTER\HGEGAME\OBJ\X32\DEBUG\BOX2D\MISSION.OBJ
D:\MYCODES\CHAOSFIGHTER\TRUNK\CHAOSFIGHTER\HGEGAME\OBJ\X32\DEBUG\BOX2D\MONSTER.OBJ
D:\MYCODES\CHAOSFIGHTER\TRUNK\CHAOSFIGHTER\HGEGAME\OBJ\X32\DEBUG\BOX2D\MONSTERFACTORY.OBJ
D:\MYCODES\CHAOSFIGHTER\TRUNK\CHAOSFIGHTER\HGEGAME\OBJ\X32\DEBUG\BOX2D\MYGAME.OBJ
D:\MYCODES\CHAOSFIGHTER\TRUNK\CHAOSFIGHTER\HGEGAME\OBJ\X32\DEBUG\BOX2D\PARTICLEMANAGER.OBJ
D:\MYCODES\CHAOSFIGHTER\TRUNK\CHAOSFIGHTER\HGEGAME\OBJ\X32\DEBUG\BOX2D\PARTICLESYSTEM.OBJ
D:\MYCODES\CHAOSFIGHTER\TRUNK\CHAOSFIGHTER\HGEGAME\OBJ\X32\DEBUG\BOX2D\PLAYER.OBJ
D:\MYCODES\CHAOSFIGHTER\TRUNK\CHAOSFIGHTER\HGEGAME\OBJ\X32\DEBUG\BOX2D\RESOURCE.OBJ
D:\MYCODES\CHAOSFIGHTER\TRUNK\CHAOSFIGHTER\HGEGAME\OBJ\X32\DEBUG\BOX2D\RESOURCEMANAGER.OBJ
D:\MYCODES\CHAOSFIGHTER\TRUNK\CHAOSFIGHTER\HGEGAME\OBJ\X32\DEBUG\BOX2D\SCREEN.OBJ
D:\MYCODES\CHAOSFIGHTER\TRUNK\CHAOSFIGHTER\HGEGAME\OBJ\X32\DEBUG\BOX2D\SPRITE.OBJ
D:\MYCODES\CHAOSFIGHTER\TRUNK\CHAOSFIGHTER\HGEGAME\OBJ\X32\DEBUG\BOX2D\SPRITEMANAGER.OBJ
D:\MYCODES\CHAOSFIGHTER\TRUNK\CHAOSFIGHTER\HGEGAME\PARTICLEMANAGER.ASM
D:\MYCODES\CHAOSFIGHTER\TRUNK\CHAOSFIGHTER\HGEGAME\PARTICLESYSTEM.ASM
D:\MYCODES\CHAOSFIGHTER\TRUNK\CHAOSFIGHTER\HGEGAME\PLAYER.ASM
D:\MYCODES\CHAOSFIGHTER\TRUNK\CHAOSFIGHTER\HGEGAME\RESOURCE.ASM
D:\MYCODES\CHAOSFIGHTER\TRUNK\CHAOSFIGHTER\HGEGAME\RESOURCEMANAGER.ASM
D:\MYCODES\CHAOSFIGHTER\TRUNK\CHAOSFIGHTER\HGEGAME\SCREEN.ASM
D:\MYCODES\CHAOSFIGHTER\TRUNK\CHAOSFIGHTER\HGEGAME\SPRITE.ASM
D:\MYCODES\CHAOSFIGHTER\TRUNK\CHAOSFIGHTER\HGEGAME\SPRITEMANAGER.ASM
E:\毕业设计\项目\ChaosFighter\Debug\Box2D.exp
E:\毕业设计\项目\ChaosFighter\Debug\Box2D.lib
E:\毕业设计\项目\ChaosFighter\Debug\Box2D.lib.manifest
E:\毕业设计\项目\CHAOSFIGHTER\DEBUG\BOX2D.PDB
E:\毕业设计\项目\CHAOSFIGHTER\HGEGAME\ANIMSPRITE.ASM
E:\毕业设计\项目\CHAOSFIGHTER\HGEGAME\DEBUGDRAW.ASM
E:\毕业设计\项目\CHAOSFIGHTER\HGEGAME\GAME.ASM
E:\毕业设计\项目\CHAOSFIGHTER\HGEGAME\MAIN.ASM
E:\毕业设计\项目\CHAOSFIGHTER\HGEGAME\MELISSA.ASM
E:\毕业设计\项目\CHAOSFIGHTER\HGEGAME\MENUSCREEN.ASM
E:\毕业设计\项目\CHAOSFIGHTER\HGEGAME\MISSION.ASM
E:\毕业设计\项目\CHAOSFIGHTER\HGEGAME\MONSTER.ASM
E:\毕业设计\项目\CHAOSFIGHTER\HGEGAME\MONSTERFACTORY.ASM
E:\毕业设计\项目\CHAOSFIGHTER\HGEGAME\MYGAME.ASM
E:\毕业设计\项目\CHAOSFIGHTER\HGEGAME\OBJ\X32\DEBUG\BOX2D\ANIMSPRITE.OBJ
E:\毕业设计\项目\ChaosFighter\HGEGame\obj\x32\Debug\Box2D\Box2D.lib.embed.manifest
E:\毕业设计\项目\ChaosFighter\HGEGame\obj\x32\Debug\Box2D\Box2D.lib.embed.manifest.res
E:\毕业设计\项目\ChaosFighter\HGEGame\obj\x32\Debug\Box2D\Box2D.lib.intermediate.manifest
E:\毕业设计\项目\ChaosFighter\HGEGame\obj\x32\Debug\Box2D\Box2D_manifest.rc
E:\毕业设计\项目\ChaosFighter\HGEGame\obj\x32\Debug\Box2D\ChaosFighter.write.1.tlog
E:\毕业设计\项目\ChaosFighter\HGEGame\obj\x32\Debug\Box2D\cl.command.1.tlog
E:\毕业设计\项目\ChaosFighter\HGEGame\obj\x32\Debug\Box2D\CL.read.1.tlog
E:\毕业设计\项目\ChaosFighter\HGEGame\obj\x32\Debug\Box2D\CL.write.1.tlog
E:\毕业设计\项目\CHAOSFIGHTER\HGEGAME\OBJ\X32\DEBUG\BOX2D\DEBUGDRAW.OBJ
E:\毕业设计\项目\CHAOSFIGHTER\HGEGAME\OBJ\X32\DEBUG\BOX2D\GAME.OBJ
E:\毕业设计\项目\ChaosFighter\HGEGame\obj\x32\Debug\Box2D\HGEGame.write.1.tlog
E:\毕业设计\项目\ChaosFighter\HGEGame\obj\x32\Debug\Box2D\link.11764.read.1.tlog
E:\毕业设计\项目\ChaosFighter\HGEGame\obj\x32\Debug\Box2D\link.11764.write.1.tlog
E:\毕业设计\项目\ChaosFighter\HGEGame\obj\x32\Debug\Box2D\link.14980.read.1.tlog
E:\毕业设计\项目\ChaosFighter\HGEGame\obj\x32\Debug\Box2D\link.14980.read.2.tlog
E:\毕业设计\项目\ChaosFighter\HGEGame\obj\x32\Debug\Box2D\link.14980.write.1.tlog
E:\毕业设计\项目\ChaosFighter\HGEGame\obj\x32\Debug\Box2D\link.15624.read.1.tlog
E:\毕业设计\项目\ChaosFighter\HGEGame\obj\x32\Debug\Box2D\link.15624.read.2.tlog
E:\毕业设计\项目\ChaosFighter\HGEGame\obj\x32\Debug\Box2D\link.15624.write.1.tlog
E:\毕业设计\项目\ChaosFighter\HGEGame\obj\x32\Debug\Box2D\link.16152.read.1.tlog
E:\毕业设计\项目\ChaosFighter\HGEGame\obj\x32\Debug\Box2D\link.16152.read.2.tlog
E:\毕业设计\项目\ChaosFighter\HGEGame\obj\x32\Debug\Box2D\link.16152.write.1.tlog
E:\毕业设计\项目\ChaosFighter\HGEGame\obj\x32\Debug\Box2D\link.16664.read.1.tlog
E:\毕业设计\项目\ChaosFighter\HGEGame\obj\x32\Debug\Box2D\link.16664.read.2.tlog
E:\毕业设计\项目\ChaosFighter\HGEGame\obj\x32\Debug\Box2D\link.16664.write.1.tlog
E:\毕业设计\项目\ChaosFighter\HGEGame\obj\x32\Debug\Box2D\link.17676.read.1.tlog
E:\毕业设计\项目\ChaosFighter\HGEGame\obj\x32\Debug\Box2D\link.17676.read.2.tlog
E:\毕业设计\项目\ChaosFighter\HGEGame\obj\x32\Debug\Box2D\link.17676.write.1.tlog
E:\毕业设计\项目\ChaosFighter\HGEGame\obj\x32\Debug\Box2D\link.18100.read.1.tlog
E:\毕业设计\项目\ChaosFighter\HGEGame\obj\x32\Debug\Box2D\link.18100.read.2.tlog
E:\毕业设计\项目\ChaosFighter\HGEGame\obj\x32\Debug\Box2D\link.18100.write.1.tlog
E:\毕业设计\项目\ChaosFighter\HGEGame\obj\x32\Debug\Box2D\link.18848.read.1.tlog
E:\毕业设计\项目\ChaosFighter\HGEGame\obj\x32\Debug\Box2D\link.18848.read.2.tlog
E:\毕业设计\项目\ChaosFighter\HGEGame\obj\x32\Debug\Box2D\link.18848.write.1.tlog
E:\毕业设计\项目\ChaosFighter\HGEGame\obj\x32\Debug\Box2D\link.19476.read.1.tlog
E:\毕业设计\项目\ChaosFighter\HGEGame\obj\x32\Debug\Box2D\link.19476.read.2.tlog
E:\毕业设计\项目\ChaosFighter\HGEGame\obj\x32\Debug\Box2D\link.19476.write.1.tlog
E:\毕业设计\项目\ChaosFighter\HGEGame\obj\x32\Debug\Box2D\link.22460.read.1.tlog
E:\毕业设计\项目\ChaosFighter\HGEGame\obj\x32\Debug\Box2D\link.22460.read.2.tlog
E:\毕业设计\项目\ChaosFighter\HGEGame\obj\x32\Debug\Box2D\link.22460.write.1.tlog
E:\毕业设计\项目\ChaosFighter\HGEGame\obj\x32\Debug\Box2D\link.32356.read.1.tlog
E:\毕业设计\项目\ChaosFighter\HGEGame\obj\x32\Debug\Box2D\link.32356.read.2.tlog
E:\毕业设计\项目\ChaosFighter\HGEGame\obj\x32\Debug\Box2D\link.32356.write.1.tlog
E:\毕业设计\项目\ChaosFighter\HGEGame\obj\x32\Debug\Box2D\link.command.1.tlog
E:\毕业设计\项目\ChaosFighter\HGEGame\obj\x32\Debug\Box2D\link.read.1.tlog
E:\毕业设计\项目\ChaosFighter\HGEGame\obj\x32\Debug\Box2D\link.read.2.tlog
E:\毕业设计\项目\ChaosFighter\HGEGame\obj\x32\Debug\Box2D\link.write.1.tlog
E:\毕业设计\项目\ChaosFighter\HGEGame\obj\x32\Debug\Box2D\link-cvtres.read.1.tlog
E:\毕业设计\项目\ChaosFighter\HGEGame\obj\x32\Debug\Box2D\link-cvtres.write.1.tlog
E:\毕业设计\项目\CHAOSFIGHTER\HGEGAME\OBJ\X32\DEBUG\BOX2D\MAIN.OBJ
E:\毕业设计\项目\CHAOSFIGHTER\HGEGAME\OBJ\X32\DEBUG\BOX2D\MELISSA.OBJ
E:\毕业设计\项目\CHAOSFIGHTER\HGEGAME\OBJ\X32\DEBUG\BOX2D\MENUSCREEN.OBJ
E:\毕业设计\项目\CHAOSFIGHTER\HGEGAME\OBJ\X32\DEBUG\BOX2D\MISSION.OBJ
E:\毕业设计\项目\CHAOSFIGHTER\HGEGAME\OBJ\X32\DEBUG\BOX2D\MONSTER.OBJ
E:\毕业设计\项目\CHAOSFIGHTER\HGEGAME\OBJ\X32\DEBUG\BOX2D\MONSTERFACTORY.OBJ
E:\毕业设计\项目\ChaosFighter\HGEGame\obj\x32\Debug\Box2D\mt.command.1.tlog
E:\毕业设计\项目\ChaosFighter\HGEGame\obj\x32\Debug\Box2D\mt.read.1.tlog
E:\毕业设计\项目\ChaosFighter\HGEGame\obj\x32\Debug\Box2D\mt.write.1.tlog
E:\毕业设计\项目\CHAOSFIGHTER\HGEGAME\OBJ\X32\DEBUG\BOX2D\MYGAME.OBJ
E:\毕业设计\项目\CHAOSFIGHTER\HGEGAME\OBJ\X32\DEBUG\BOX2D\PARTICLEMANAGER.OBJ
E:\毕业设计\项目\CHAOSFIGHTER\HGEGAME\OBJ\X32\DEBUG\BOX2D\PARTICLESYSTEM.OBJ
E:\毕业设计\项目\CHAOSFIGHTER\HGEGAME\OBJ\X32\DEBUG\BOX2D\PLAYER.OBJ
E:\毕业设计\项目\ChaosFighter\HGEGame\obj\x32\Debug\Box2D\rc.command.1.tlog
E:\毕业设计\项目\ChaosFighter\HGEGame\obj\x32\Debug\Box2D\rc.read.1.tlog
E:\毕业设计\项目\ChaosFighter\HGEGame\obj\x32\Debug\Box2D\rc.write.1.tlog
E:\毕业设计\项目\CHAOSFIGHTER\HGEGAME\OBJ\X32\DEBUG\BOX2D\RESOURCE.OBJ
E:\毕业设计\项目\CHAOSFIGHTER\HGEGAME\OBJ\X32\DEBUG\BOX2D\RESOURCEMANAGER.OBJ
E:\毕业设计\项目\CHAOSFIGHTER\HGEGAME\OBJ\X32\DEBUG\BOX2D\SCREEN.OBJ
E:\毕业设计\项目\CHAOSFIGHTER\HGEGAME\OBJ\X32\DEBUG\BOX2D\SPRITE.OBJ
E:\毕业设计\项目\CHAOSFIGHTER\HGEGAME\OBJ\X32\DEBUG\BOX2D\SPRITEMANAGER.OBJ
E:\毕业设计\项目\CHAOSFIGHTER\HGEGAME\PARTICLEMANAGER.ASM
E:\毕业设计\项目\CHAOSFIGHTER\HGEGAME\PARTICLESYSTEM.ASM
E:\毕业设计\项目\CHAOSFIGHTER\HGEGAME\PLAYER.ASM
E:\毕业设计\项目\CHAOSFIGHTER\HGEGAME\RESOURCE.ASM
E:\毕业设计\项目\CHAOSFIGHTER\HGEGAME\RESOURCEMANAGER.ASM
E:\毕业设计\项目\CHAOSFIGHTER\HGEGAME\SCREEN.ASM
E:\毕业设计\项目\CHAOSFIGHTER\HGEGAME\SPRITE.ASM
E:\毕业设计\项目\CHAOSFIGHTER\HGEGAME\SPRITEMANAGER.ASM
E:\我的文档\Visual Studio 2010\Projects\HGEGame\Debug\Box2D.exp
E:\我的文档\VISUAL STUDIO 2010\PROJECTS\HGEGAME\DEBUG\BOX2D.ILK
E:\我的文档\Visual Studio 2010\Projects\HGEGame\Debug\Box2D.lib
E:\我的文档\VISUAL STUDIO 2010\PROJECTS\HGEGAME\DEBUG\BOX2D.PDB
E:\我的文档\VISUAL STUDIO 2010\PROJECTS\HGEGAME\HGEGAME\OBJ\X32\DEBUG\BOX2D\ANIMSPRITE.OBJ
E:\我的文档\VISUAL STUDIO 2010\PROJECTS\HGEGAME\HGEGAME\OBJ\X32\DEBUG\BOX2D\BOX2D.LIB.EMBED.MANIFEST
E:\我的文档\VISUAL STUDIO 2010\PROJECTS\HGEGAME\HGEGAME\OBJ\X32\DEBUG\BOX2D\BOX2D.LIB.EMBED.MANIFEST.RES
E:\我的文档\VISUAL STUDIO 2010\PROJECTS\HGEGAME\HGEGAME\OBJ\X32\DEBUG\BOX2D\BOX2D.LIB.INTERMEDIATE.MANIFEST
E:\我的文档\VISUAL STUDIO 2010\PROJECTS\HGEGAME\HGEGAME\OBJ\X32\DEBUG\BOX2D\DEBUGDRAW.OBJ
E:\我的文档\VISUAL STUDIO 2010\PROJECTS\HGEGAME\HGEGAME\OBJ\X32\DEBUG\BOX2D\GAME.OBJ
E:\我的文档\VISUAL STUDIO 2010\PROJECTS\HGEGAME\HGEGAME\OBJ\X32\DEBUG\BOX2D\MAIN.OBJ
E:\我的文档\VISUAL STUDIO 2010\PROJECTS\HGEGAME\HGEGAME\OBJ\X32\DEBUG\BOX2D\MELISSA.OBJ
E:\我的文档\VISUAL STUDIO 2010\PROJECTS\HGEGAME\HGEGAME\OBJ\X32\DEBUG\BOX2D\MENUSCREEN.OBJ
E:\我的文档\VISUAL STUDIO 2010\PROJECTS\HGEGAME\HGEGAME\OBJ\X32\DEBUG\BOX2D\MISSION.OBJ
E:\我的文档\VISUAL STUDIO 2010\PROJECTS\HGEGAME\HGEGAME\OBJ\X32\DEBUG\BOX2D\MONSTER.OBJ
E:\我的文档\VISUAL STUDIO 2010\PROJECTS\HGEGAME\HGEGAME\OBJ\X32\DEBUG\BOX2D\MONSTERFACTORY.OBJ
E:\我的文档\VISUAL STUDIO 2010\PROJECTS\HGEGAME\HGEGAME\OBJ\X32\DEBUG\BOX2D\MYGAME.OBJ
E:\我的文档\VISUAL STUDIO 2010\PROJECTS\HGEGAME\HGEGAME\OBJ\X32\DEBUG\BOX2D\PARTICLEMANAGER.OBJ
E:\我的文档\VISUAL STUDIO 2010\PROJECTS\HGEGAME\HGEGAME\OBJ\X32\DEBUG\BOX2D\PARTICLESYSTEM.OBJ
E:\我的文档\VISUAL STUDIO 2010\PROJECTS\HGEGAME\HGEGAME\OBJ\X32\DEBUG\BOX2D\PLAYER.OBJ
E:\我的文档\VISUAL STUDIO 2010\PROJECTS\HGEGAME\HGEGAME\OBJ\X32\DEBUG\BOX2D\RESOURCE.OBJ
E:\我的文档\VISUAL STUDIO 2010\PROJECTS\HGEGAME\HGEGAME\OBJ\X32\DEBUG\BOX2D\RESOURCEMANAGER.OBJ
E:\我的文档\VISUAL STUDIO 2010\PROJECTS\HGEGAME\HGEGAME\OBJ\X32\DEBUG\BOX2D\SCREEN.OBJ
E:\我的文档\VISUAL STUDIO 2010\PROJECTS\HGEGAME\HGEGAME\OBJ\X32\DEBUG\BOX2D\SPRITE.OBJ
E:\我的文档\VISUAL STUDIO 2010\PROJECTS\HGEGAME\HGEGAME\OBJ\X32\DEBUG\BOX2D\SPRITEMANAGER.OBJ
